Build started 7/26/2018 5:45:32 PM.
     1>Project "C:\Users\Admin\Documents\Visual Studio 2008\Projects\Tuan04\Bui\Bui\Bui.vcxproj" on node 2 (Build target(s)).
     1>ClCompile:
         C:\Program Files (x86)\Microsoft Visual Studio 12.0\VC\bin\CL.exe /c /ZI /nologo /W3 /WX- /Od /Oy- /D WIN32 /D _DEBUG /D _CONSOLE /D _UNICODE /D UNICODE /Gm /EHsc /RTC1 /MDd /GS /fp:precise /Zc:wchar_t /Zc:forScope /Yu"stdafx.h" /Fp"Debug\Bui.pch" /Fo"Debug\\" /Fd"Debug\vc120.pdb" /Gd /TP /analyze- /errorReport:prompt Main.cpp
         Main.cpp
     1>c:\users\admin\documents\visual studio 2008\projects\tuan04\bui\bui\main.cpp(536): warning C4018: '<' : signed/unsigned mismatch
     1>c:\users\admin\documents\visual studio 2008\projects\tuan04\bui\bui\main.cpp(434): warning C4715: 'AddFriend' : not all control paths return a value
       Link:
         C:\Program Files (x86)\Microsoft Visual Studio 12.0\VC\bin\link.exe /ERRORREPORT:PROMPT /OUT:"C:\Users\Admin\Documents\Visual Studio 2008\Projects\Tuan04\Bui\Debug\Bui.exe" /INCREMENTAL /NOLOGO kernel32.lib user32.lib gdi32.lib winspool.lib comdlg32.lib advapi32.lib shell32.lib ole32.lib oleaut32.lib uuid.lib odbc32.lib odbccp32.lib /MANIFEST /MANIFESTUAC:"level='asInvoker' uiAccess='false'" /manifest:embed /DEBUG /PDB:"C:\Users\Admin\Documents\Visual Studio 2008\Projects\Tuan04\Bui\Debug\Bui.pdb" /SUBSYSTEM:CONSOLE /TLBID:1 /DYNAMICBASE /NXCOMPAT /IMPLIB:"C:\Users\Admin\Documents\Visual Studio 2008\Projects\Tuan04\Bui\Debug\Bui.lib" /MACHINE:X86 /SAFESEH Debug\Controller.obj
         Debug\Main.obj
         Debug\Model.obj
         Debug\stdafx.obj
         F:\Thuctap\SQLITE\sqlite3.obj
     1>Controller.obj : warning LNK4075: ignoring '/EDITANDCONTINUE' due to '/SAFESEH' specification
         sqlite3.obj : MSIL .netmodule or module compiled with /GL found; restarting link with /LTCG; add /LTCG to the link command line to improve linker performance
     1>LINK : warning LNK4075: ignoring '/INCREMENTAL' due to '/LTCG' specification
     1>Controller.obj : warning LNK4075: ignoring '/EDITANDCONTINUE' due to '/OPT:LBR' specification
     1>LINK : warning LNK4098: defaultlib 'MSVCRT' conflicts with use of other libs; use /NODEFAULTLIB:library
         Generating code
         Finished generating code
     1>sqlite3.obj : warning LNK4099: PDB 'vc110.pdb' was not found with 'sqlite3.obj' or at 'C:\Users\Admin\Documents\Visual Studio 2008\Projects\Tuan04\Bui\Debug\vc110.pdb'; linking object as if no debug info
         Bui.vcxproj -> C:\Users\Admin\Documents\Visual Studio 2008\Projects\Tuan04\Bui\Debug\Bui.exe
     1>Done Building Project "C:\Users\Admin\Documents\Visual Studio 2008\Projects\Tuan04\Bui\Bui\Bui.vcxproj" (Build target(s)).

Build succeeded.

Time Elapsed 00:00:07.09
